2020-01-27 11:23:11.658  INFO 13348 --- [main] com.crickInfo.CricketerInfoApplication   : Starting CricketerInfoApplication on DESKTOP-C2M1N7G with PID 13348 (B:\CricketerInfo\CricketerInfo\target\classes started by admin in B:\CricketerInfo\CricketerInfo)
2020-01-27 11:23:11.663  INFO 13348 --- [main] com.crickInfo.CricketerInfoApplication   : No active profile set, falling back to default profiles: default
2020-01-27 11:23:12.531  INFO 13348 --- [main] .s.d.r.c.RepositoryConfigurationDelegate : Bootstrapping Spring Data JPA repositories in DEFAULT mode.
2020-01-27 11:23:12.633  INFO 13348 --- [main] .s.d.r.c.RepositoryConfigurationDelegate : Finished Spring Data repository scanning in 91ms. Found 3 JPA repository interfaces.
2020-01-27 11:23:13.063  INFO 13348 --- [main] trationDelegate$BeanPostProcessorChecker : Bean 'org.springframework.transaction.annotation.ProxyTransactionManagementConfiguration' of type [org.springframework.transaction.annotation.ProxyTransactionManagementConfiguration] is not eligible for getting processed by all BeanPostProcessors (for example: not eligible for auto-proxying)
2020-01-27 11:23:13.352  INFO 13348 --- [main] o.s.b.w.embedded.tomcat.TomcatWebServer  : Tomcat initialized with port(s): 8080 (http)
2020-01-27 11:23:13.363  INFO 13348 --- [main] o.apache.catalina.core.StandardService   : Starting service [Tomcat]
2020-01-27 11:23:13.363  INFO 13348 --- [main] org.apache.catalina.core.StandardEngine  : Starting Servlet engine: [Apache Tomcat/9.0.30]
2020-01-27 11:23:13.687  INFO 13348 --- [main] org.apache.jasper.servlet.TldScanner     : At least one JAR was scanned for TLDs yet contained no TLDs. Enable debug logging for this logger for a complete list of JARs that were scanned but no TLDs were found in them. Skipping unneeded JARs during scanning can improve startup time and JSP compilation time.
2020-01-27 11:23:13.692  INFO 13348 --- [main] o.a.c.c.C.[Tomcat].[localhost].[/]       : Initializing Spring embedded WebApplicationContext
2020-01-27 11:23:13.692  INFO 13348 --- [main] o.s.web.context.ContextLoader            : Root WebApplicationContext: initialization completed in 1930 ms
2020-01-27 11:23:13.858  INFO 13348 --- [main] o.f.c.internal.license.VersionPrinter    : Flyway Community Edition 6.0.8 by Redgate
2020-01-27 11:23:14.543  INFO 13348 --- [main] o.f.c.internal.database.DatabaseFactory  : Database: jdbc:mysql://localhost:3306/mysql (MySQL 8.0)
2020-01-27 11:23:14.610  INFO 13348 --- [main] o.f.core.internal.command.DbValidate     : Successfully validated 4 migrations (execution time 00:00.025s)
2020-01-27 11:23:14.623  INFO 13348 --- [main] o.f.core.internal.command.DbMigrate      : Current version of schema `crickinfo2`: 1.1.2
2020-01-27 11:23:14.633  INFO 13348 --- [main] o.f.core.internal.command.DbMigrate      : Schema `crickinfo2` is up to date. No migration necessary.
2020-01-27 11:23:14.733  INFO 13348 --- [main] o.hibernate.jpa.internal.util.LogHelper  : HHH000204: Processing PersistenceUnitInfo [name: default]
2020-01-27 11:23:14.813  INFO 13348 --- [main] org.hibernate.Version                    : HHH000412: Hibernate Core {5.4.10.Final}
2020-01-27 11:23:14.979  INFO 13348 --- [main] o.hibernate.annotations.common.Version   : HCANN000001: Hibernate Commons Annotations {5.1.0.Final}
2020-01-27 11:23:15.106  INFO 13348 --- [main] com.zaxxer.hikari.HikariDataSource       : HikariPool-1 - Starting...
2020-01-27 11:23:15.131  INFO 13348 --- [main] com.zaxxer.hikari.HikariDataSource       : HikariPool-1 - Start completed.
2020-01-27 11:23:15.146  INFO 13348 --- [main] org.hibernate.dialect.Dialect            : HHH000400: Using dialect: org.hibernate.dialect.MySQL8Dialect
2020-01-27 11:23:16.061  INFO 13348 --- [main] o.h.e.t.j.p.i.JtaPlatformInitiator       : HHH000490: Using JtaPlatform implementation: [org.hibernate.engine.transaction.jta.platform.internal.NoJtaPlatform]
2020-01-27 11:23:16.070  INFO 13348 --- [main] j.LocalContainerEntityManagerFactoryBean : Initialized JPA EntityManagerFactory for persistence unit 'default'
2020-01-27 11:23:16.471  WARN 13348 --- [main] JpaBaseConfiguration$JpaWebConfiguration : spring.jpa.open-in-view is enabled by default. Therefore, database queries may be performed during view rendering. Explicitly configure spring.jpa.open-in-view to disable this warning
2020-01-27 11:23:16.674  INFO 13348 --- [main] o.s.s.concurrent.ThreadPoolTaskExecutor  : Initializing ExecutorService 'applicationTaskExecutor'
2020-01-27 11:23:16.954  INFO 13348 --- [main] o.s.b.w.embedded.tomcat.TomcatWebServer  : Tomcat started on port(s): 8080 (http) with context path ''
2020-01-27 11:23:16.956  INFO 13348 --- [main] com.crickInfo.CricketerInfoApplication   : Started CricketerInfoApplication in 5.853 seconds (JVM running for 6.852)
2020-01-27 11:24:30.761  INFO 13348 --- [RMI TCP Connection(7)-127.0.0.1] inMXBeanRegistrar$SpringApplicationAdmin : Application shutdown requested.
2020-01-27 11:24:30.765  INFO 13348 --- [RMI TCP Connection(7)-127.0.0.1] o.s.s.concurrent.ThreadPoolTaskExecutor  : Shutting down ExecutorService 'applicationTaskExecutor'
2020-01-27 11:24:30.767  INFO 13348 --- [RMI TCP Connection(7)-127.0.0.1] j.LocalContainerEntityManagerFactoryBean : Closing JPA EntityManagerFactory for persistence unit 'default'
2020-01-27 11:24:30.771  INFO 13348 --- [RMI TCP Connection(7)-127.0.0.1] com.zaxxer.hikari.HikariDataSource       : HikariPool-1 - Shutdown initiated...
2020-01-27 11:24:30.787  INFO 13348 --- [RMI TCP Connection(7)-127.0.0.1] com.zaxxer.hikari.HikariDataSource       : HikariPool-1 - Shutdown completed.
2020-01-27 11:24:35.580  INFO 12400 --- [main] com.crickInfo.CricketerInfoApplication   : Starting CricketerInfoApplication on DESKTOP-C2M1N7G with PID 12400 (B:\CricketerInfo\CricketerInfo\target\classes started by admin in B:\CricketerInfo\CricketerInfo)
2020-01-27 11:24:35.584  INFO 12400 --- [main] com.crickInfo.CricketerInfoApplication   : No active profile set, falling back to default profiles: default
2020-01-27 11:24:36.341  INFO 12400 --- [main] .s.d.r.c.RepositoryConfigurationDelegate : Bootstrapping Spring Data JPA repositories in DEFAULT mode.
2020-01-27 11:24:36.439  INFO 12400 --- [main] .s.d.r.c.RepositoryConfigurationDelegate : Finished Spring Data repository scanning in 88ms. Found 3 JPA repository interfaces.
2020-01-27 11:24:36.800  INFO 12400 --- [main] trationDelegate$BeanPostProcessorChecker : Bean 'org.springframework.transaction.annotation.ProxyTransactionManagementConfiguration' of type [org.springframework.transaction.annotation.ProxyTransactionManagementConfiguration] is not eligible for getting processed by all BeanPostProcessors (for example: not eligible for auto-proxying)
2020-01-27 11:24:37.062  INFO 12400 --- [main] o.s.b.w.embedded.tomcat.TomcatWebServer  : Tomcat initialized with port(s): 8080 (http)
2020-01-27 11:24:37.070  INFO 12400 --- [main] o.apache.catalina.core.StandardService   : Starting service [Tomcat]
2020-01-27 11:24:37.071  INFO 12400 --- [main] org.apache.catalina.core.StandardEngine  : Starting Servlet engine: [Apache Tomcat/9.0.30]
2020-01-27 11:24:37.394  INFO 12400 --- [main] org.apache.jasper.servlet.TldScanner     : At least one JAR was scanned for TLDs yet contained no TLDs. Enable debug logging for this logger for a complete list of JARs that were scanned but no TLDs were found in them. Skipping unneeded JARs during scanning can improve startup time and JSP compilation time.
2020-01-27 11:24:37.399  INFO 12400 --- [main] o.a.c.c.C.[Tomcat].[localhost].[/]       : Initializing Spring embedded WebApplicationContext
2020-01-27 11:24:37.399  INFO 12400 --- [main] o.s.web.context.ContextLoader            : Root WebApplicationContext: initialization completed in 1755 ms
2020-01-27 11:24:37.551  INFO 12400 --- [main] o.f.c.internal.license.VersionPrinter    : Flyway Community Edition 6.0.8 by Redgate
2020-01-27 11:24:38.274  INFO 12400 --- [main] o.f.c.internal.database.DatabaseFactory  : Database: jdbc:mysql://localhost:3306/mysql (MySQL 8.0)
2020-01-27 11:24:38.328  INFO 12400 --- [main] o.f.core.internal.command.DbValidate     : Successfully validated 4 migrations (execution time 00:00.025s)
2020-01-27 11:24:38.343  INFO 12400 --- [main] o.f.core.internal.command.DbMigrate      : Current version of schema `crickinfo2`: 1.1.2
2020-01-27 11:24:38.344  INFO 12400 --- [main] o.f.core.internal.command.DbMigrate      : Schema `crickinfo2` is up to date. No migration necessary.
2020-01-27 11:24:38.449  INFO 12400 --- [main] o.hibernate.jpa.internal.util.LogHelper  : HHH000204: Processing PersistenceUnitInfo [name: default]
2020-01-27 11:24:38.559  INFO 12400 --- [main] org.hibernate.Version                    : HHH000412: Hibernate Core {5.4.10.Final}
2020-01-27 11:24:38.717  INFO 12400 --- [main] o.hibernate.annotations.common.Version   : HCANN000001: Hibernate Commons Annotations {5.1.0.Final}
2020-01-27 11:24:38.856  INFO 12400 --- [main] com.zaxxer.hikari.HikariDataSource       : HikariPool-1 - Starting...
2020-01-27 11:24:38.895  INFO 12400 --- [main] com.zaxxer.hikari.HikariDataSource       : HikariPool-1 - Start completed.
2020-01-27 11:24:38.910  INFO 12400 --- [main] org.hibernate.dialect.Dialect            : HHH000400: Using dialect: org.hibernate.dialect.MySQL8Dialect
2020-01-27 11:24:39.852  INFO 12400 --- [main] o.h.e.t.j.p.i.JtaPlatformInitiator       : HHH000490: Using JtaPlatform implementation: [org.hibernate.engine.transaction.jta.platform.internal.NoJtaPlatform]
2020-01-27 11:24:39.860  INFO 12400 --- [main] j.LocalContainerEntityManagerFactoryBean : Initialized JPA EntityManagerFactory for persistence unit 'default'
2020-01-27 11:24:40.224  WARN 12400 --- [main] JpaBaseConfiguration$JpaWebConfiguration : spring.jpa.open-in-view is enabled by default. Therefore, database queries may be performed during view rendering. Explicitly configure spring.jpa.open-in-view to disable this warning
2020-01-27 11:24:40.422  INFO 12400 --- [main] o.s.s.concurrent.ThreadPoolTaskExecutor  : Initializing ExecutorService 'applicationTaskExecutor'
2020-01-27 11:24:40.663  INFO 12400 --- [main] o.s.b.w.embedded.tomcat.TomcatWebServer  : Tomcat started on port(s): 8080 (http) with context path ''
2020-01-27 11:24:40.665  INFO 12400 --- [main] com.crickInfo.CricketerInfoApplication   : Started CricketerInfoApplication in 5.573 seconds (JVM running for 6.622)
2020-01-27 11:32:37.970  INFO 12400 --- [http-nio-8080-exec-1] o.a.c.c.C.[Tomcat].[localhost].[/]       : Initializing Spring DispatcherServlet 'dispatcherServlet'
2020-01-27 11:32:37.971  INFO 12400 --- [http-nio-8080-exec-1] o.s.web.servlet.DispatcherServlet        : Initializing Servlet 'dispatcherServlet'
2020-01-27 11:32:37.984  INFO 12400 --- [http-nio-8080-exec-1] o.s.web.servlet.DispatcherServlet        : Completed initialization in 13 ms
2020-01-27 11:32:38.035  INFO 12400 --- [http-nio-8080-exec-1] c.crickInfo.controller.PlayerController  : Searching for the player with id :
2020-01-27 11:32:38.139  INFO 12400 --- [http-nio-8080-exec-1] c.crickInfo.controller.PlayerController  : The player info with id :2is :- Player [pId=2, pName=Adam Gilcrisht, cricketTeam=Australian Cricket Team, playerScore=[com.crickInfo.model.PlayerScore@6225dd80, com.crickInfo.model.PlayerScore@7628664, com.crickInfo.model.PlayerScore@218a18c2], totalScore=187, matches=[com.crickInfo.model.Match@2a71c65a, com.crickInfo.model.Match@2385d3c4, com.crickInfo.model.Match@56401285]]
2020-01-27 11:34:42.633  INFO 12400 --- [RMI TCP Connection(25)-127.0.0.1] inMXBeanRegistrar$SpringApplicationAdmin : Application shutdown requested.
2020-01-27 11:34:42.635  INFO 12400 --- [RMI TCP Connection(25)-127.0.0.1] o.s.s.concurrent.ThreadPoolTaskExecutor  : Shutting down ExecutorService 'applicationTaskExecutor'
2020-01-27 11:34:42.637  INFO 12400 --- [RMI TCP Connection(25)-127.0.0.1] j.LocalContainerEntityManagerFactoryBean : Closing JPA EntityManagerFactory for persistence unit 'default'
2020-01-27 11:34:42.641  INFO 12400 --- [RMI TCP Connection(25)-127.0.0.1] com.zaxxer.hikari.HikariDataSource       : HikariPool-1 - Shutdown initiated...
2020-01-27 11:34:42.653  INFO 12400 --- [RMI TCP Connection(25)-127.0.0.1] com.zaxxer.hikari.HikariDataSource       : HikariPool-1 - Shutdown completed.
2020-01-27 11:34:54.726  INFO 1628 --- [main] com.crickInfo.CricketerInfoApplication   : Starting CricketerInfoApplication on DESKTOP-C2M1N7G with PID 1628 (B:\CricketerInfo\CricketerInfo\target\classes started by admin in B:\CricketerInfo\CricketerInfo)
2020-01-27 11:34:54.730  INFO 1628 --- [main] com.crickInfo.CricketerInfoApplication   : No active profile set, falling back to default profiles: default
2020-01-27 11:34:55.486  INFO 1628 --- [main] .s.d.r.c.RepositoryConfigurationDelegate : Bootstrapping Spring Data JPA repositories in DEFAULT mode.
2020-01-27 11:34:55.586  INFO 1628 --- [main] .s.d.r.c.RepositoryConfigurationDelegate : Finished Spring Data repository scanning in 90ms. Found 3 JPA repository interfaces.
2020-01-27 11:34:55.957  INFO 1628 --- [main] trationDelegate$BeanPostProcessorChecker : Bean 'org.springframework.transaction.annotation.ProxyTransactionManagementConfiguration' of type [org.springframework.transaction.annotation.ProxyTransactionManagementConfiguration] is not eligible for getting processed by all BeanPostProcessors (for example: not eligible for auto-proxying)
2020-01-27 11:34:56.234  INFO 1628 --- [main] o.s.b.w.embedded.tomcat.TomcatWebServer  : Tomcat initialized with port(s): 8080 (http)
2020-01-27 11:34:56.243  INFO 1628 --- [main] o.apache.catalina.core.StandardService   : Starting service [Tomcat]
2020-01-27 11:34:56.244  INFO 1628 --- [main] org.apache.catalina.core.StandardEngine  : Starting Servlet engine: [Apache Tomcat/9.0.30]
2020-01-27 11:34:56.669  INFO 1628 --- [main] org.apache.jasper.servlet.TldScanner     : At least one JAR was scanned for TLDs yet contained no TLDs. Enable debug logging for this logger for a complete list of JARs that were scanned but no TLDs were found in them. Skipping unneeded JARs during scanning can improve startup time and JSP compilation time.
2020-01-27 11:34:56.677  INFO 1628 --- [main] o.a.c.c.C.[Tomcat].[localhost].[/]       : Initializing Spring embedded WebApplicationContext
2020-01-27 11:34:56.678  INFO 1628 --- [main] o.s.web.context.ContextLoader            : Root WebApplicationContext: initialization completed in 1889 ms
2020-01-27 11:34:56.868  INFO 1628 --- [main] o.f.c.internal.license.VersionPrinter    : Flyway Community Edition 6.0.8 by Redgate
2020-01-27 11:34:57.588  INFO 1628 --- [main] o.f.c.internal.database.DatabaseFactory  : Database: jdbc:mysql://localhost:3306/mysql (MySQL 8.0)
2020-01-27 11:34:57.678  INFO 1628 --- [main] o.f.core.internal.command.DbValidate     : Successfully validated 4 migrations (execution time 00:00.026s)
2020-01-27 11:34:57.694  INFO 1628 --- [main] o.f.core.internal.command.DbMigrate      : Current version of schema `crickinfo2`: 1.1.2
2020-01-27 11:34:57.695  INFO 1628 --- [main] o.f.core.internal.command.DbMigrate      : Schema `crickinfo2` is up to date. No migration necessary.
2020-01-27 11:34:57.780  INFO 1628 --- [main] o.hibernate.jpa.internal.util.LogHelper  : HHH000204: Processing PersistenceUnitInfo [name: default]
2020-01-27 11:34:57.853  INFO 1628 --- [main] org.hibernate.Version                    : HHH000412: Hibernate Core {5.4.10.Final}
2020-01-27 11:34:57.987  INFO 1628 --- [main] o.hibernate.annotations.common.Version   : HCANN000001: Hibernate Commons Annotations {5.1.0.Final}
2020-01-27 11:34:58.091  INFO 1628 --- [main] com.zaxxer.hikari.HikariDataSource       : HikariPool-1 - Starting...
2020-01-27 11:34:58.116  INFO 1628 --- [main] com.zaxxer.hikari.HikariDataSource       : HikariPool-1 - Start completed.
2020-01-27 11:34:58.130  INFO 1628 --- [main] org.hibernate.dialect.Dialect            : HHH000400: Using dialect: org.hibernate.dialect.MySQL8Dialect
2020-01-27 11:34:59.114  INFO 1628 --- [main] o.h.e.t.j.p.i.JtaPlatformInitiator       : HHH000490: Using JtaPlatform implementation: [org.hibernate.engine.transaction.jta.platform.internal.NoJtaPlatform]
2020-01-27 11:34:59.123  INFO 1628 --- [main] j.LocalContainerEntityManagerFactoryBean : Initialized JPA EntityManagerFactory for persistence unit 'default'
2020-01-27 11:34:59.459  WARN 1628 --- [main] JpaBaseConfiguration$JpaWebConfiguration : spring.jpa.open-in-view is enabled by default. Therefore, database queries may be performed during view rendering. Explicitly configure spring.jpa.open-in-view to disable this warning
2020-01-27 11:34:59.646  INFO 1628 --- [main] o.s.s.concurrent.ThreadPoolTaskExecutor  : Initializing ExecutorService 'applicationTaskExecutor'
2020-01-27 11:34:59.870  INFO 1628 --- [main] o.s.b.w.embedded.tomcat.TomcatWebServer  : Tomcat started on port(s): 8080 (http) with context path ''
2020-01-27 11:34:59.873  INFO 1628 --- [main] com.crickInfo.CricketerInfoApplication   : Started CricketerInfoApplication in 5.628 seconds (JVM running for 6.606)
2020-01-27 11:35:07.455  INFO 1628 --- [http-nio-8080-exec-1] o.a.c.c.C.[Tomcat].[localhost].[/]       : Initializing Spring DispatcherServlet 'dispatcherServlet'
2020-01-27 11:35:07.456  INFO 1628 --- [http-nio-8080-exec-1] o.s.web.servlet.DispatcherServlet        : Initializing Servlet 'dispatcherServlet'
2020-01-27 11:35:07.467  INFO 1628 --- [http-nio-8080-exec-1] o.s.web.servlet.DispatcherServlet        : Completed initialization in 11 ms
2020-01-27 11:35:07.511  INFO 1628 --- [http-nio-8080-exec-1] c.crickInfo.controller.PlayerController  : Searching for the player with id :2
2020-01-27 11:35:07.615  INFO 1628 --- [http-nio-8080-exec-1] c.crickInfo.controller.PlayerController  : The player info with id :2 is :- Player [pId=2, pName=Adam Gilcrisht, cricketTeam=Australian Cricket Team, playerScore=[com.crickInfo.model.PlayerScore@453380de, com.crickInfo.model.PlayerScore@4e30db6e, com.crickInfo.model.PlayerScore@466f020f], totalScore=187, matches=[com.crickInfo.model.Match@1147d2df, com.crickInfo.model.Match@614e395d, com.crickInfo.model.Match@35a163bd]]
